<?xml version="1.0" encoding="UTF-8"?>
<coverage generated="1762953806942" clover="3.2.0">
  <project timestamp="1762953806942" name="All files">
    <metrics statements="583" coveredstatements="0" conditionals="22762" coveredconditionals="0" methods="7528" coveredmethods="0" elements="30873" coveredelements="0" complexity="0" loc="583" ncloc="583" packages="9" files="26" classes="26"/>
    <package name="config">
      <metrics statements="1" coveredstatements="0" conditionals="0" coveredconditionals="0" methods="0" coveredmethods="0"/>
      <file name="db.js" path="C:\Users\XPS\Desktop\ems-platform\backend\src\config\db.js">
        <metrics statements="1" coveredstatements="0" conditionals="0" coveredconditionals="0" methods="0" coveredmethods="0"/>
        <line num="3" count="0" type="stmt"/>
      </file>
    </package>
    <package name="controllers">
      <metrics statements="0" coveredstatements="0" conditionals="0" coveredconditionals="0" methods="0" coveredmethods="0"/>
      <file name="employeeController.js" path="C:\Users\XPS\Desktop\ems-platform\backend\src\controllers\employeeController.js">
        <metrics statements="0" coveredstatements="0" conditionals="0" coveredconditionals="0" methods="0" coveredmethods="0"/>
      </file>
      <file name="userController.js" path="C:\Users\XPS\Desktop\ems-platform\backend\src\controllers\userController.js">
        <metrics statements="0" coveredstatements="0" conditionals="0" coveredconditionals="0" methods="0" coveredmethods="0"/>
      </file>
    </package>
    <package name="generated.prisma">
      <metrics statements="212" coveredstatements="0" conditionals="165" coveredconditionals="0" methods="252" coveredmethods="0"/>
      <file name="client.js" path="C:\Users\XPS\Desktop\ems-platform\backend\src\generated\prisma\client.js">
        <metrics statements="1" coveredstatements="0" conditionals="0" coveredconditionals="0" methods="0" coveredmethods="0"/>
        <line num="4" count="0" type="stmt"/>
      </file>
      <file name="default.js" path="C:\Users\XPS\Desktop\ems-platform\backend\src\generated\prisma\default.js">
        <metrics statements="1" coveredstatements="0" conditionals="0" coveredconditionals="0" methods="0" coveredmethods="0"/>
        <line num="4" count="0" type="stmt"/>
      </file>
      <file name="edge.js" path="C:\Users\XPS\Desktop\ems-platform\backend\src\generated\prisma\edge.js">
        <metrics statements="43" coveredstatements="0" conditionals="20" coveredconditionals="0" methods="1" coveredmethods="0"/>
        <line num="5" count="0" type="stmt"/>
        <line num="29" count="0" type="stmt"/>
        <line num="32" count="0" type="stmt"/>
        <line num="34" count="0" type="stmt"/>
        <line num="35" count="0" type="stmt"/>
        <line num="41" count="0" type="stmt"/>
        <line num="46" count="0" type="stmt"/>
        <line num="47" count="0" type="stmt"/>
        <line num="48" count="0" type="stmt"/>
        <line num="49" count="0" type="stmt"/>
        <line num="50" count="0" type="stmt"/>
        <line num="51" count="0" type="stmt"/>
        <line num="56" count="0" type="stmt"/>
        <line num="57" count="0" type="stmt"/>
        <line num="58" count="0" type="stmt"/>
        <line num="59" count="0" type="stmt"/>
        <line num="60" count="0" type="stmt"/>
        <line num="65" count="0" type="stmt"/>
        <line num="66" count="0" type="stmt"/>
        <line num="71" count="0" type="stmt"/>
        <line num="72" count="0" type="stmt"/>
        <line num="73" count="0" type="stmt"/>
        <line num="75" count="0" type="stmt"/>
        <line num="88" count="0" type="stmt"/>
        <line num="95" count="0" type="stmt"/>
        <line num="103" count="0" type="stmt"/>
        <line num="119" count="0" type="stmt"/>
        <line num="128" count="0" type="stmt"/>
        <line num="133" count="0" type="stmt"/>
        <line num="138" count="0" type="stmt"/>
        <line num="144" count="0" type="stmt"/>
        <line num="152" count="0" type="stmt"/>
        <line num="205" count="0" type="stmt"/>
        <line num="207" count="0" type="stmt"/>
        <line num="208" count="0" type="stmt"/>
        <line num="209" count="0" type="stmt"/>
        <line num="210" count="0" type="stmt"/>
        <line num="212" count="0" type="stmt"/>
        <line num="218" count="0" type="cond" truecount="0" falsecount="8"/>
        <line num="219" count="0" type="cond" truecount="0" falsecount="6"/>
        <line num="222" count="0" type="stmt"/>
        <line num="223" count="0" type="stmt"/>
        <line num="224" count="0" type="stmt"/>
      </file>
      <file name="index-browser.js" path="C:\Users\XPS\Desktop\ems-platform\backend\src\generated\prisma\index-browser.js">
        <metrics statements="62" coveredstatements="0" conditionals="2" coveredconditionals="0" methods="13" coveredmethods="0"/>
        <line num="5" count="0" type="stmt"/>
        <line num="14" count="0" type="stmt"/>
        <line num="17" count="0" type="stmt"/>
        <line num="19" count="0" type="stmt"/>
        <line num="20" count="0" type="stmt"/>
        <line num="26" count="0" type="stmt"/>
        <line num="31" count="0" type="stmt"/>
        <line num="32" count="0" type="stmt"/>
        <line num="33" count="0" type="stmt"/>
        <line num="36" count="0" type="stmt"/>
        <line num="37" count="0" type="stmt"/>
        <line num="38" count="0" type="stmt"/>
        <line num="41" count="0" type="stmt"/>
        <line num="42" count="0" type="stmt"/>
        <line num="43" count="0" type="stmt"/>
        <line num="46" count="0" type="stmt"/>
        <line num="47" count="0" type="stmt"/>
        <line num="48" count="0" type="stmt"/>
        <line num="51" count="0" type="stmt"/>
        <line num="52" count="0" type="stmt"/>
        <line num="53" count="0" type="stmt"/>
        <line num="56" count="0" type="stmt"/>
        <line num="61" count="0" type="stmt"/>
        <line num="62" count="0" type="stmt"/>
        <line num="63" count="0" type="stmt"/>
        <line num="66" count="0" type="stmt"/>
        <line num="67" count="0" type="stmt"/>
        <line num="68" count="0" type="stmt"/>
        <line num="71" count="0" type="stmt"/>
        <line num="72" count="0" type="stmt"/>
        <line num="73" count="0" type="stmt"/>
        <line num="76" count="0" type="stmt"/>
        <line num="77" count="0" type="stmt"/>
        <line num="78" count="0" type="stmt"/>
        <line num="81" count="0" type="stmt"/>
        <line num="86" count="0" type="stmt"/>
        <line num="87" count="0" type="stmt"/>
        <line num="88" count="0" type="stmt"/>
        <line num="91" count="0" type="stmt"/>
        <line num="92" count="0" type="stmt"/>
        <line num="93" count="0" type="stmt"/>
        <line num="100" count="0" type="stmt"/>
        <line num="101" count="0" type="stmt"/>
        <line num="102" count="0" type="stmt"/>
        <line num="104" count="0" type="stmt"/>
        <line num="116" count="0" type="stmt"/>
        <line num="123" count="0" type="stmt"/>
        <line num="131" count="0" type="stmt"/>
        <line num="147" count="0" type="stmt"/>
        <line num="156" count="0" type="stmt"/>
        <line num="161" count="0" type="stmt"/>
        <line num="166" count="0" type="stmt"/>
        <line num="172" count="0" type="stmt"/>
        <line num="183" count="0" type="stmt"/>
        <line num="186" count="0" type="stmt"/>
        <line num="187" count="0" type="cond" truecount="0" falsecount="2"/>
        <line num="188" count="0" type="stmt"/>
        <line num="193" count="0" type="stmt"/>
        <line num="196" count="0" type="stmt"/>
        <line num="199" count="0" type="stmt"/>
        <line num="205" count="0" type="stmt"/>
        <line num="207" count="0" type="stmt"/>
      </file>
      <file name="index.js" path="C:\Users\XPS\Desktop\ems-platform\backend\src\generated\prisma\index.js">
        <metrics statements="56" coveredstatements="0" conditionals="8" coveredconditionals="0" methods="1" coveredmethods="0"/>
        <line num="5" count="0" type="stmt"/>
        <line num="29" count="0" type="stmt"/>
        <line num="32" count="0" type="stmt"/>
        <line num="34" count="0" type="stmt"/>
        <line num="35" count="0" type="stmt"/>
        <line num="41" count="0" type="stmt"/>
        <line num="46" count="0" type="stmt"/>
        <line num="47" count="0" type="stmt"/>
        <line num="48" count="0" type="stmt"/>
        <line num="49" count="0" type="stmt"/>
        <line num="50" count="0" type="stmt"/>
        <line num="51" count="0" type="stmt"/>
        <line num="56" count="0" type="stmt"/>
        <line num="57" count="0" type="stmt"/>
        <line num="58" count="0" type="stmt"/>
        <line num="59" count="0" type="stmt"/>
        <line num="60" count="0" type="stmt"/>
        <line num="65" count="0" type="stmt"/>
        <line num="66" count="0" type="stmt"/>
        <line num="71" count="0" type="stmt"/>
        <line num="72" count="0" type="stmt"/>
        <line num="73" count="0" type="stmt"/>
        <line num="75" count="0" type="stmt"/>
        <line num="84" count="0" type="stmt"/>
        <line num="89" count="0" type="stmt"/>
        <line num="96" count="0" type="stmt"/>
        <line num="104" count="0" type="stmt"/>
        <line num="120" count="0" type="stmt"/>
        <line num="129" count="0" type="stmt"/>
        <line num="134" count="0" type="stmt"/>
        <line num="139" count="0" type="stmt"/>
        <line num="145" count="0" type="stmt"/>
        <line num="153" count="0" type="stmt"/>
        <line num="207" count="0" type="stmt"/>
        <line num="209" count="0" type="stmt"/>
        <line num="210" count="0" type="cond" truecount="0" falsecount="2"/>
        <line num="211" count="0" type="stmt"/>
        <line num="216" count="0" type="cond" truecount="0" falsecount="2"/>
        <line num="217" count="0" type="stmt"/>
        <line num="220" count="0" type="stmt"/>
        <line num="221" count="0" type="stmt"/>
        <line num="224" count="0" type="stmt"/>
        <line num="225" count="0" type="stmt"/>
        <line num="226" count="0" type="stmt"/>
        <line num="227" count="0" type="stmt"/>
        <line num="230" count="0" type="stmt"/>
        <line num="232" count="0" type="stmt"/>
        <line num="237" count="0" type="stmt"/>
        <line num="238" count="0" type="stmt"/>
        <line num="239" count="0" type="stmt"/>
        <line num="242" count="0" type="stmt"/>
        <line num="243" count="0" type="stmt"/>
        <line num="246" count="0" type="stmt"/>
        <line num="247" count="0" type="stmt"/>
        <line num="249" count="0" type="stmt"/>
        <line num="250" count="0" type="stmt"/>
      </file>
      <file name="query_engine_bg.js" path="C:\Users\XPS\Desktop\ems-platform\backend\src\generated\prisma\query_engine_bg.js">
        <metrics statements="2" coveredstatements="0" conditionals="115" coveredconditionals="0" methods="234" coveredmethods="0"/>
        <line num="1" count="0" type="cond" truecount="0" falsecount="65"/>
        <line num="2" count="0" type="cond" truecount="0" falsecount="50"/>
      </file>
      <file name="wasm.js" path="C:\Users\XPS\Desktop\ems-platform\backend\src\generated\prisma\wasm.js">
        <metrics statements="47" coveredstatements="0" conditionals="20" coveredconditionals="0" methods="3" coveredmethods="0"/>
        <line num="5" count="0" type="stmt"/>
        <line num="29" count="0" type="stmt"/>
        <line num="32" count="0" type="stmt"/>
        <line num="34" count="0" type="stmt"/>
        <line num="35" count="0" type="stmt"/>
        <line num="41" count="0" type="stmt"/>
        <line num="46" count="0" type="stmt"/>
        <line num="47" count="0" type="stmt"/>
        <line num="48" count="0" type="stmt"/>
        <line num="49" count="0" type="stmt"/>
        <line num="50" count="0" type="stmt"/>
        <line num="51" count="0" type="stmt"/>
        <line num="56" count="0" type="stmt"/>
        <line num="57" count="0" type="stmt"/>
        <line num="58" count="0" type="stmt"/>
        <line num="59" count="0" type="stmt"/>
        <line num="60" count="0" type="stmt"/>
        <line num="65" count="0" type="stmt"/>
        <line num="66" count="0" type="stmt"/>
        <line num="71" count="0" type="stmt"/>
        <line num="72" count="0" type="stmt"/>
        <line num="73" count="0" type="stmt"/>
        <line num="75" count="0" type="stmt"/>
        <line num="88" count="0" type="stmt"/>
        <line num="95" count="0" type="stmt"/>
        <line num="103" count="0" type="stmt"/>
        <line num="119" count="0" type="stmt"/>
        <line num="128" count="0" type="stmt"/>
        <line num="133" count="0" type="stmt"/>
        <line num="138" count="0" type="stmt"/>
        <line num="144" count="0" type="stmt"/>
        <line num="152" count="0" type="stmt"/>
        <line num="205" count="0" type="stmt"/>
        <line num="207" count="0" type="stmt"/>
        <line num="208" count="0" type="stmt"/>
        <line num="209" count="0" type="stmt"/>
        <line num="210" count="0" type="stmt"/>
        <line num="212" count="0" type="stmt"/>
        <line num="213" count="0" type="stmt"/>
        <line num="214" count="0" type="stmt"/>
        <line num="217" count="0" type="stmt"/>
        <line num="219" count="0" type="stmt"/>
        <line num="225" count="0" type="cond" truecount="0" falsecount="8"/>
        <line num="226" count="0" type="cond" truecount="0" falsecount="6"/>
        <line num="229" count="0" type="stmt"/>
        <line num="230" count="0" type="stmt"/>
        <line num="231" count="0" type="stmt"/>
      </file>
    </package>
    <package name="generated.prisma.runtime">
      <metrics statements="160" coveredstatements="0" conditionals="22498" coveredconditionals="0" methods="7242" coveredmethods="0"/>
      <file name="edge-esm.js" path="C:\Users\XPS\Desktop\ems-platform\backend\src\generated\prisma\runtime\edge-esm.js">
        <metrics statements="18" coveredstatements="0" conditionals="3681" coveredconditionals="0" methods="1077" coveredmethods="0"/>
        <line num="4" count="0" type="cond" truecount="0" falsecount="2182"/>
        <line num="5" count="0" type="cond" truecount="0" falsecount="41"/>
        <line num="6" count="0" type="cond" truecount="0" falsecount="75"/>
        <line num="7" count="0" type="cond" truecount="0" falsecount="138"/>
        <line num="8" count="0" type="cond" truecount="0" falsecount="302"/>
        <line num="9" count="0" type="cond" truecount="0" falsecount="191"/>
        <line num="11" count="0" type="cond" truecount="0" falsecount="49"/>
        <line num="14" count="0" type="cond" truecount="0" falsecount="118"/>
        <line num="15" count="0" type="cond" truecount="0" falsecount="102"/>
        <line num="16" count="0" type="cond" truecount="0" falsecount="77"/>
        <line num="23" count="0" type="cond" truecount="0" falsecount="147"/>
        <line num="24" count="0" type="cond" truecount="0" falsecount="14"/>
        <line num="25" count="0" type="cond" truecount="0" falsecount="6"/>
        <line num="26" count="0" type="cond" truecount="0" falsecount="2"/>
        <line num="27" count="0" type="cond" truecount="0" falsecount="14"/>
        <line num="28" count="0" type="cond" truecount="0" falsecount="78"/>
        <line num="32" count="0" type="cond" truecount="0" falsecount="135"/>
        <line num="33" count="0" type="cond" truecount="0" falsecount="10"/>
      </file>
      <file name="edge.js" path="C:\Users\XPS\Desktop\ems-platform\backend\src\generated\prisma\runtime\edge.js">
        <metrics statements="18" coveredstatements="0" conditionals="3683" coveredconditionals="0" methods="1108" coveredmethods="0"/>
        <line num="4" count="0" type="cond" truecount="0" falsecount="2182"/>
        <line num="5" count="0" type="cond" truecount="0" falsecount="41"/>
        <line num="6" count="0" type="cond" truecount="0" falsecount="75"/>
        <line num="7" count="0" type="cond" truecount="0" falsecount="138"/>
        <line num="8" count="0" type="cond" truecount="0" falsecount="302"/>
        <line num="9" count="0" type="cond" truecount="0" falsecount="191"/>
        <line num="11" count="0" type="cond" truecount="0" falsecount="49"/>
        <line num="14" count="0" type="cond" truecount="0" falsecount="118"/>
        <line num="15" count="0" type="cond" truecount="0" falsecount="102"/>
        <line num="16" count="0" type="cond" truecount="0" falsecount="77"/>
        <line num="23" count="0" type="cond" truecount="0" falsecount="147"/>
        <line num="24" count="0" type="cond" truecount="0" falsecount="14"/>
        <line num="25" count="0" type="cond" truecount="0" falsecount="6"/>
        <line num="26" count="0" type="cond" truecount="0" falsecount="2"/>
        <line num="27" count="0" type="cond" truecount="0" falsecount="14"/>
        <line num="28" count="0" type="cond" truecount="0" falsecount="78"/>
        <line num="32" count="0" type="cond" truecount="0" falsecount="135"/>
        <line num="33" count="0" type="cond" truecount="0" falsecount="12"/>
      </file>
      <file name="index-browser.js" path="C:\Users\XPS\Desktop\ems-platform\backend\src\generated\prisma\runtime\index-browser.js">
        <metrics statements="1" coveredstatements="0" conditionals="1220" coveredconditionals="0" methods="164" coveredmethods="0"/>
        <line num="4" count="0" type="cond" truecount="0" falsecount="1220"/>
      </file>
      <file name="library.js" path="C:\Users\XPS\Desktop\ems-platform\backend\src\generated\prisma\runtime\library.js">
        <metrics statements="50" coveredstatements="0" conditionals="4000" coveredconditionals="0" methods="1376" coveredmethods="0"/>
        <line num="4" count="0" type="cond" truecount="0" falsecount="170"/>
        <line num="5" count="0" type="cond" truecount="0" falsecount="4"/>
        <line num="6" count="0" type="cond" truecount="0" falsecount="190"/>
        <line num="7" count="0" type="cond" truecount="0" falsecount="190"/>
        <line num="8" count="0" type="cond" truecount="0" falsecount="39"/>
        <line num="9" count="0" type="cond" truecount="0" falsecount="186"/>
        <line num="12" count="0" type="cond" truecount="0" falsecount="11"/>
        <line num="14" count="0" type="cond" truecount="0" falsecount="6"/>
        <line num="15" count="0" type="cond" truecount="0" falsecount="38"/>
        <line num="16" count="0" type="cond" truecount="0" falsecount="14"/>
        <line num="18" count="0" type="stmt"/>
        <line num="22" count="0" type="cond" truecount="0" falsecount="4"/>
        <line num="24" count="0" type="cond" truecount="0" falsecount="1334"/>
        <line num="25" count="0" type="stmt"/>
        <line num="26" count="0" type="stmt"/>
        <line num="27" count="0" type="stmt"/>
        <line num="28" count="0" type="cond" truecount="0" falsecount="40"/>
        <line num="29" count="0" type="cond" truecount="0" falsecount="39"/>
        <line num="30" count="0" type="cond" truecount="0" falsecount="75"/>
        <line num="31" count="0" type="cond" truecount="0" falsecount="138"/>
        <line num="32" count="0" type="cond" truecount="0" falsecount="302"/>
        <line num="33" count="0" type="stmt"/>
        <line num="34" count="0" type="cond" truecount="0" falsecount="272"/>
        <line num="36" count="0" type="cond" truecount="0" falsecount="6"/>
        <line num="38" count="0" type="stmt"/>
        <line num="39" count="0" type="stmt"/>
        <line num="40" count="0" type="stmt"/>
        <line num="45" count="0" type="stmt"/>
        <line num="46" count="0" type="cond" truecount="0" falsecount="2"/>
        <line num="48" count="0" type="stmt"/>
        <line num="55" count="0" type="stmt"/>
        <line num="60" count="0" type="stmt"/>
        <line num="67" count="0" type="cond" truecount="0" falsecount="31"/>
        <line num="68" count="0" type="stmt"/>
        <line num="69" count="0" type="cond" truecount="0" falsecount="7"/>
        <line num="72" count="0" type="stmt"/>
        <line num="104" count="0" type="stmt"/>
        <line num="113" count="0" type="cond" truecount="0" falsecount="159"/>
        <line num="114" count="0" type="cond" truecount="0" falsecount="163"/>
        <line num="115" count="0" type="cond" truecount="0" falsecount="56"/>
        <line num="116" count="0" type="cond" truecount="0" falsecount="29"/>
        <line num="117" count="0" type="cond" truecount="0" falsecount="79"/>
        <line num="124" count="0" type="cond" truecount="0" falsecount="147"/>
        <line num="125" count="0" type="cond" truecount="0" falsecount="14"/>
        <line num="126" count="0" type="cond" truecount="0" falsecount="6"/>
        <line num="127" count="0" type="cond" truecount="0" falsecount="2"/>
        <line num="128" count="0" type="cond" truecount="0" falsecount="14"/>
        <line num="129" count="0" type="cond" truecount="0" falsecount="78"/>
        <line num="133" count="0" type="cond" truecount="0" falsecount="139"/>
        <line num="134" count="0" type="cond" truecount="0" falsecount="12"/>
      </file>
      <file name="react-native.js" path="C:\Users\XPS\Desktop\ems-platform\backend\src\generated\prisma\runtime\react-native.js">
        <metrics statements="28" coveredstatements="0" conditionals="3860" coveredconditionals="0" methods="1210" coveredmethods="0"/>
        <line num="4" count="0" type="cond" truecount="0" falsecount="957"/>
        <line num="5" count="0" type="cond" truecount="0" falsecount="1366"/>
        <line num="6" count="0" type="stmt"/>
        <line num="7" count="0" type="stmt"/>
        <line num="8" count="0" type="stmt"/>
        <line num="9" count="0" type="cond" truecount="0" falsecount="40"/>
        <line num="10" count="0" type="cond" truecount="0" falsecount="39"/>
        <line num="11" count="0" type="cond" truecount="0" falsecount="75"/>
        <line num="12" count="0" type="cond" truecount="0" falsecount="138"/>
        <line num="13" count="0" type="cond" truecount="0" falsecount="302"/>
        <line num="14" count="0" type="stmt"/>
        <line num="15" count="0" type="cond" truecount="0" falsecount="272"/>
        <line num="17" count="0" type="cond" truecount="0" falsecount="8"/>
        <line num="18" count="0" type="stmt"/>
        <line num="19" count="0" type="cond" truecount="0" falsecount="7"/>
        <line num="22" count="0" type="stmt"/>
        <line num="54" count="0" type="stmt"/>
        <line num="63" count="0" type="cond" truecount="0" falsecount="142"/>
        <line num="64" count="0" type="cond" truecount="0" falsecount="29"/>
        <line num="65" count="0" type="cond" truecount="0" falsecount="75"/>
        <line num="72" count="0" type="cond" truecount="0" falsecount="147"/>
        <line num="73" count="0" type="cond" truecount="0" falsecount="14"/>
        <line num="74" count="0" type="cond" truecount="0" falsecount="6"/>
        <line num="75" count="0" type="cond" truecount="0" falsecount="2"/>
        <line num="76" count="0" type="cond" truecount="0" falsecount="14"/>
        <line num="77" count="0" type="cond" truecount="0" falsecount="78"/>
        <line num="81" count="0" type="cond" truecount="0" falsecount="135"/>
        <line num="82" count="0" type="cond" truecount="0" falsecount="12"/>
      </file>
      <file name="wasm-compiler-edge.js" path="C:\Users\XPS\Desktop\ems-platform\backend\src\generated\prisma\runtime\wasm-compiler-edge.js">
        <metrics statements="26" coveredstatements="0" conditionals="3715" coveredconditionals="0" methods="1342" coveredmethods="0"/>
        <line num="4" count="0" type="cond" truecount="0" falsecount="1023"/>
        <line num="5" count="0" type="cond" truecount="0" falsecount="71"/>
        <line num="6" count="0" type="cond" truecount="0" falsecount="41"/>
        <line num="7" count="0" type="cond" truecount="0" falsecount="75"/>
        <line num="8" count="0" type="cond" truecount="0" falsecount="138"/>
        <line num="9" count="0" type="cond" truecount="0" falsecount="302"/>
        <line num="10" count="0" type="cond" truecount="0" falsecount="191"/>
        <line num="12" count="0" type="cond" truecount="0" falsecount="8"/>
        <line num="13" count="0" type="stmt"/>
        <line num="14" count="0" type="cond" truecount="0" falsecount="7"/>
        <line num="17" count="0" type="stmt"/>
        <line num="49" count="0" type="stmt"/>
        <line num="58" count="0" type="cond" truecount="0" falsecount="983"/>
        <line num="61" count="0" type="cond" truecount="0" falsecount="152"/>
        <line num="62" count="0" type="cond" truecount="0" falsecount="133"/>
        <line num="63" count="0" type="cond" truecount="0" falsecount="102"/>
        <line num="64" count="0" type="cond" truecount="0" falsecount="32"/>
        <line num="66" count="0" type="cond" truecount="0" falsecount="47"/>
        <line num="73" count="0" type="cond" truecount="0" falsecount="147"/>
        <line num="74" count="0" type="cond" truecount="0" falsecount="14"/>
        <line num="75" count="0" type="cond" truecount="0" falsecount="6"/>
        <line num="76" count="0" type="cond" truecount="0" falsecount="2"/>
        <line num="77" count="0" type="cond" truecount="0" falsecount="14"/>
        <line num="78" count="0" type="cond" truecount="0" falsecount="78"/>
        <line num="82" count="0" type="cond" truecount="0" falsecount="135"/>
        <line num="83" count="0" type="cond" truecount="0" falsecount="12"/>
      </file>
      <file name="wasm-engine-edge.js" path="C:\Users\XPS\Desktop\ems-platform\backend\src\generated\prisma\runtime\wasm-engine-edge.js">
        <metrics statements="19" coveredstatements="0" conditionals="2339" coveredconditionals="0" methods="965" coveredmethods="0"/>
        <line num="4" count="0" type="cond" truecount="0" falsecount="928"/>
        <line num="5" count="0" type="cond" truecount="0" falsecount="41"/>
        <line num="6" count="0" type="cond" truecount="0" falsecount="75"/>
        <line num="7" count="0" type="cond" truecount="0" falsecount="138"/>
        <line num="8" count="0" type="cond" truecount="0" falsecount="302"/>
        <line num="9" count="0" type="cond" truecount="0" falsecount="191"/>
        <line num="11" count="0" type="cond" truecount="0" falsecount="49"/>
        <line num="14" count="0" type="cond" truecount="0" falsecount="101"/>
        <line num="15" count="0" type="cond" truecount="0" falsecount="27"/>
        <line num="16" count="0" type="cond" truecount="0" falsecount="32"/>
        <line num="18" count="0" type="cond" truecount="0" falsecount="47"/>
        <line num="25" count="0" type="cond" truecount="0" falsecount="147"/>
        <line num="26" count="0" type="cond" truecount="0" falsecount="14"/>
        <line num="27" count="0" type="cond" truecount="0" falsecount="6"/>
        <line num="28" count="0" type="cond" truecount="0" falsecount="2"/>
        <line num="29" count="0" type="cond" truecount="0" falsecount="14"/>
        <line num="30" count="0" type="cond" truecount="0" falsecount="78"/>
        <line num="34" count="0" type="cond" truecount="0" falsecount="135"/>
        <line num="35" count="0" type="cond" truecount="0" falsecount="12"/>
      </file>
    </package>
    <package name="middlewares">
      <metrics statements="11" coveredstatements="0" conditionals="6" coveredconditionals="0" methods="1" coveredmethods="0"/>
      <file name="authMiddleware.js" path="C:\Users\XPS\Desktop\ems-platform\backend\src\middlewares\authMiddleware.js">
        <metrics statements="11" coveredstatements="0" conditionals="6" coveredconditionals="0" methods="1" coveredmethods="0"/>
        <line num="4" count="0" type="stmt"/>
        <line num="5" count="0" type="stmt"/>
        <line num="6" count="0" type="cond" truecount="0" falsecount="2"/>
        <line num="8" count="0" type="stmt"/>
        <line num="9" count="0" type="stmt"/>
        <line num="10" count="0" type="stmt"/>
        <line num="11" count="0" type="cond" truecount="0" falsecount="4"/>
        <line num="12" count="0" type="stmt"/>
        <line num="14" count="0" type="stmt"/>
        <line num="15" count="0" type="stmt"/>
        <line num="17" count="0" type="stmt"/>
      </file>
    </package>
    <package name="models">
      <metrics statements="17" coveredstatements="0" conditionals="9" coveredconditionals="0" methods="8" coveredmethods="0"/>
      <file name="employeeModel.js" path="C:\Users\XPS\Desktop\ems-platform\backend\src\models\employeeModel.js">
        <metrics statements="0" coveredstatements="0" conditionals="0" coveredconditionals="0" methods="0" coveredmethods="0"/>
      </file>
      <file name="userModel.js" path="C:\Users\XPS\Desktop\ems-platform\backend\src\models\userModel.js">
        <metrics statements="7" coveredstatements="0" conditionals="1" coveredconditionals="0" methods="6" coveredmethods="0"/>
        <line num="6" count="0" type="stmt"/>
        <line num="11" count="0" type="stmt"/>
        <line num="16" count="0" type="stmt"/>
        <line num="17" count="0" type="stmt"/>
        <line num="24" count="0" type="stmt"/>
        <line num="29" count="0" type="stmt"/>
        <line num="34" count="0" type="stmt"/>
      </file>
      <file name="verificationCode.js" path="C:\Users\XPS\Desktop\ems-platform\backend\src\models\verificationCode.js">
        <metrics statements="10" coveredstatements="0" conditionals="8" coveredconditionals="0" methods="2" coveredmethods="0"/>
        <line num="1" count="0" type="stmt"/>
        <line num="5" count="0" type="stmt"/>
        <line num="6" count="0" type="stmt"/>
        <line num="10" count="0" type="stmt"/>
        <line num="11" count="0" type="cond" truecount="0" falsecount="2"/>
        <line num="12" count="0" type="cond" truecount="0" falsecount="5"/>
        <line num="13" count="0" type="stmt"/>
        <line num="14" count="0" type="stmt"/>
        <line num="16" count="0" type="stmt"/>
        <line num="17" count="0" type="stmt"/>
      </file>
    </package>
    <package name="routes">
      <metrics statements="136" coveredstatements="0" conditionals="62" coveredconditionals="0" methods="16" coveredmethods="0"/>
      <file name="adminRoutes.js" path="C:\Users\XPS\Desktop\ems-platform\backend\src\routes\adminRoutes.js">
        <metrics statements="46" coveredstatements="0" conditionals="24" coveredconditionals="0" methods="5" coveredmethods="0"/>
        <line num="8" count="0" type="stmt"/>
        <line num="12" count="0" type="stmt"/>
        <line num="13" count="0" type="stmt"/>
        <line num="15" count="0" type="cond" truecount="0" falsecount="4"/>
        <line num="16" count="0" type="stmt"/>
        <line num="19" count="0" type="stmt"/>
        <line num="21" count="0" type="stmt"/>
        <line num="22" count="0" type="cond" truecount="0" falsecount="2"/>
        <line num="23" count="0" type="stmt"/>
        <line num="27" count="0" type="stmt"/>
        <line num="29" count="0" type="stmt"/>
        <line num="35" count="0" type="stmt"/>
        <line num="36" count="0" type="stmt"/>
        <line num="45" count="0" type="stmt"/>
        <line num="46" count="0" type="stmt"/>
        <line num="47" count="0" type="stmt"/>
        <line num="48" count="0" type="cond" truecount="0" falsecount="4"/>
        <line num="49" count="0" type="stmt"/>
        <line num="51" count="0" type="stmt"/>
        <line num="52" count="0" type="cond" truecount="0" falsecount="2"/>
        <line num="53" count="0" type="stmt"/>
        <line num="55" count="0" type="stmt"/>
        <line num="60" count="0" type="stmt"/>
        <line num="61" count="0" type="stmt"/>
        <line num="62" count="0" type="stmt"/>
        <line num="63" count="0" type="cond" truecount="0" falsecount="4"/>
        <line num="64" count="0" type="stmt"/>
        <line num="66" count="0" type="stmt"/>
        <line num="67" count="0" type="cond" truecount="0" falsecount="2"/>
        <line num="68" count="0" type="stmt"/>
        <line num="70" count="0" type="stmt"/>
        <line num="74" count="0" type="stmt"/>
        <line num="75" count="0" type="stmt"/>
        <line num="76" count="0" type="stmt"/>
        <line num="77" count="0" type="stmt"/>
        <line num="78" count="0" type="cond" truecount="0" falsecount="4"/>
        <line num="79" count="0" type="stmt"/>
        <line num="81" count="0" type="stmt"/>
        <line num="82" count="0" type="stmt"/>
        <line num="84" count="0" type="cond" truecount="0" falsecount="2"/>
        <line num="88" count="0" type="stmt"/>
        <line num="89" count="0" type="stmt"/>
        <line num="90" count="0" type="stmt"/>
        <line num="91" count="0" type="stmt"/>
        <line num="92" count="0" type="stmt"/>
        <line num="94" count="0" type="stmt"/>
      </file>
      <file name="departmentRoutes.js" path="C:\Users\XPS\Desktop\ems-platform\backend\src\routes\departmentRoutes.js">
        <metrics statements="27" coveredstatements="0" conditionals="2" coveredconditionals="0" methods="5" coveredmethods="0"/>
        <line num="6" count="0" type="stmt"/>
        <line num="7" count="0" type="stmt"/>
        <line num="10" count="0" type="stmt"/>
        <line num="11" count="0" type="stmt"/>
        <line num="12" count="0" type="stmt"/>
        <line num="20" count="0" type="stmt"/>
        <line num="28" count="0" type="stmt"/>
        <line num="30" count="0" type="stmt"/>
        <line num="35" count="0" type="stmt"/>
        <line num="36" count="0" type="stmt"/>
        <line num="37" count="0" type="stmt"/>
        <line num="38" count="0" type="stmt"/>
        <line num="41" count="0" type="stmt"/>
        <line num="43" count="0" type="stmt"/>
        <line num="48" count="0" type="stmt"/>
        <line num="49" count="0" type="stmt"/>
        <line num="50" count="0" type="stmt"/>
        <line num="51" count="0" type="stmt"/>
        <line num="52" count="0" type="stmt"/>
        <line num="56" count="0" type="stmt"/>
        <line num="58" count="0" type="stmt"/>
        <line num="63" count="0" type="stmt"/>
        <line num="64" count="0" type="stmt"/>
        <line num="65" count="0" type="stmt"/>
        <line num="66" count="0" type="stmt"/>
        <line num="67" count="0" type="stmt"/>
        <line num="69" count="0" type="stmt"/>
      </file>
      <file name="employeeRoutes.js" path="C:\Users\XPS\Desktop\ems-platform\backend\src\routes\employeeRoutes.js">
        <metrics statements="63" coveredstatements="0" conditionals="36" coveredconditionals="0" methods="6" coveredmethods="0"/>
        <line num="6" count="0" type="stmt"/>
        <line num="9" count="0" type="stmt"/>
        <line num="10" count="0" type="cond" truecount="0" falsecount="2"/>
        <line num="11" count="0" type="cond" truecount="0" falsecount="2"/>
        <line num="12" count="0" type="cond" truecount="0" falsecount="2"/>
        <line num="14" count="0" type="stmt"/>
        <line num="15" count="0" type="stmt"/>
        <line num="17" count="0" type="stmt"/>
        <line num="31" count="0" type="stmt"/>
        <line num="41" count="0" type="stmt"/>
        <line num="56" count="0" type="stmt"/>
        <line num="58" count="0" type="stmt"/>
        <line num="71" count="0" type="stmt"/>
        <line num="72" count="0" type="stmt"/>
        <line num="74" count="0" type="stmt"/>
        <line num="75" count="0" type="stmt"/>
        <line num="80" count="0" type="stmt"/>
        <line num="81" count="0" type="stmt"/>
        <line num="82" count="0" type="stmt"/>
        <line num="83" count="0" type="stmt"/>
        <line num="88" count="0" type="cond" truecount="0" falsecount="2"/>
        <line num="89" count="0" type="stmt"/>
        <line num="90" count="0" type="stmt"/>
        <line num="93" count="0" type="stmt"/>
        <line num="108" count="0" type="stmt"/>
        <line num="109" count="0" type="stmt"/>
        <line num="111" count="0" type="stmt"/>
        <line num="112" count="0" type="stmt"/>
        <line num="117" count="0" type="stmt"/>
        <line num="118" count="0" type="stmt"/>
        <line num="119" count="0" type="stmt"/>
        <line num="120" count="0" type="stmt"/>
        <line num="121" count="0" type="stmt"/>
        <line num="123" count="0" type="stmt"/>
        <line num="137" count="0" type="stmt"/>
        <line num="150" count="0" type="stmt"/>
        <line num="151" count="0" type="stmt"/>
        <line num="153" count="0" type="stmt"/>
        <line num="154" count="0" type="stmt"/>
        <line num="159" count="0" type="stmt"/>
        <line num="160" count="0" type="stmt"/>
        <line num="161" count="0" type="stmt"/>
        <line num="162" count="0" type="stmt"/>
        <line num="163" count="0" type="stmt"/>
        <line num="164" count="0" type="stmt"/>
        <line num="166" count="0" type="stmt"/>
        <line num="182" count="0" type="stmt"/>
        <line num="195" count="0" type="stmt"/>
        <line num="196" count="0" type="stmt"/>
        <line num="198" count="0" type="stmt"/>
        <line num="199" count="0" type="cond" truecount="0" falsecount="2"/>
        <line num="200" count="0" type="stmt"/>
        <line num="202" count="0" type="stmt"/>
        <line num="207" count="0" type="stmt"/>
        <line num="208" count="0" type="stmt"/>
        <line num="209" count="0" type="stmt"/>
        <line num="210" count="0" type="stmt"/>
        <line num="214" count="0" type="stmt"/>
        <line num="215" count="0" type="stmt"/>
        <line num="217" count="0" type="stmt"/>
        <line num="218" count="0" type="cond" truecount="0" falsecount="2"/>
        <line num="219" count="0" type="stmt"/>
        <line num="221" count="0" type="stmt"/>
      </file>
    </package>
    <package name="services">
      <metrics statements="44" coveredstatements="0" conditionals="22" coveredconditionals="0" methods="7" coveredmethods="0"/>
      <file name="adminService.js" path="C:\Users\XPS\Desktop\ems-platform\backend\src\services\adminService.js">
        <metrics statements="44" coveredstatements="0" conditionals="22" coveredconditionals="0" methods="7" coveredmethods="0"/>
        <line num="10" count="0" type="stmt"/>
        <line num="14" count="0" type="stmt"/>
        <line num="15" count="0" type="cond" truecount="0" falsecount="2"/>
        <line num="17" count="0" type="stmt"/>
        <line num="21" count="0" type="stmt"/>
        <line num="25" count="0" type="stmt"/>
        <line num="26" count="0" type="cond" truecount="0" falsecount="2"/>
        <line num="27" count="0" type="stmt"/>
        <line num="28" count="0" type="cond" truecount="0" falsecount="4"/>
        <line num="29" count="0" type="stmt"/>
        <line num="31" count="0" type="cond" truecount="0" falsecount="2"/>
        <line num="32" count="0" type="stmt"/>
        <line num="34" count="0" type="cond" truecount="0" falsecount="2"/>
        <line num="35" count="0" type="stmt"/>
        <line num="39" count="0" type="stmt"/>
        <line num="44" count="0" type="stmt"/>
        <line num="45" count="0" type="cond" truecount="0" falsecount="4"/>
        <line num="46" count="0" type="stmt"/>
        <line num="47" count="0" type="stmt"/>
        <line num="50" count="0" type="stmt"/>
        <line num="51" count="0" type="cond" truecount="0" falsecount="2"/>
        <line num="52" count="0" type="stmt"/>
        <line num="53" count="0" type="stmt"/>
        <line num="56" count="0" type="stmt"/>
        <line num="57" count="0" type="stmt"/>
        <line num="60" count="0" type="stmt"/>
        <line num="62" count="0" type="stmt"/>
        <line num="64" count="0" type="stmt"/>
        <line num="69" count="0" type="stmt"/>
        <line num="70" count="0" type="cond" truecount="0" falsecount="2"/>
        <line num="71" count="0" type="stmt"/>
        <line num="72" count="0" type="stmt"/>
        <line num="75" count="0" type="stmt"/>
        <line num="76" count="0" type="cond" truecount="0" falsecount="2"/>
        <line num="79" count="0" type="stmt"/>
        <line num="80" count="0" type="stmt"/>
        <line num="81" count="0" type="stmt"/>
        <line num="86" count="0" type="stmt"/>
        <line num="94" count="0" type="stmt"/>
        <line num="200" count="0" type="stmt"/>
        <line num="201" count="0" type="stmt"/>
        <line num="207" count="0" type="stmt"/>
        <line num="209" count="0" type="stmt"/>
        <line num="210" count="0" type="stmt"/>
      </file>
    </package>
    <package name="utils">
      <metrics statements="2" coveredstatements="0" conditionals="0" coveredconditionals="0" methods="2" coveredmethods="0"/>
      <file name="logger.js" path="C:\Users\XPS\Desktop\ems-platform\backend\src\utils\logger.js">
        <metrics statements="2" coveredstatements="0" conditionals="0" coveredconditionals="0" methods="2" coveredmethods="0"/>
        <line num="2" count="0" type="stmt"/>
        <line num="3" count="0" type="stmt"/>
      </file>
    </package>
  </project>
</coverage>
